# JRE version: OpenJDK Runtime Environment Temurin-17.0.10+7 (17.0.10+7) (build 17.0.10+7)
# Java VM: OpenJDK 64-Bit Server VM Temurin-17.0.10+7 (17.0.10+7, mixed mode, tiered, compressed oops, compressed class ptrs, parallel gc, windows-amd64)
GC Precious Log:
 CPUs: 4 total, 4 available
 Memory: 3983M
 Large Page Support: Disabled
 NUMA Support: Disabled
 Compressed Oops: Enabled (32-bit)
 Alignments: Space 512K, Generation 512K, Heap 2M
 Heap Min Capacity: 100M
 Heap Initial Capacity: 100M
 Heap Max Capacity: 1G
 Pre-touch: Disabled
 Parallel Workers: 4
Heap:
 PSYoungGen      total 16896K, used 7351K [0x00000000eab00000, 0x00000000ebd80000, 0x0000000100000000)
  eden space 15360K, 39% used [0x00000000eab00000,0x00000000eb0de988,0x00000000eba00000)
  from space 1536K, 87% used [0x00000000ebc00000,0x00000000ebd4f540,0x00000000ebd80000)
  to   space 1536K, 0% used [0x00000000eba80000,0x00000000eba80000,0x00000000ebc00000)
 ParOldGen       total 68608K, used 41801K [0x00000000c0000000, 0x00000000c4300000, 0x00000000eab00000)
  object space 68608K, 60% used [0x00000000c0000000,0x00000000c28d25e0,0x00000000c4300000)
 Metaspace       used 57825K, committed 58816K, reserved 1114112K
  class space    used 6262K, committed 6720K, reserved 1048576K
GC Heap History (20 events):
Event: 166.722 GC heap before
{Heap before GC invocations=21 (full 2):
 PSYoungGen      total 23040K, used 22720K [0x00000000eab00000, 0x00000000ec380000, 0x0000000100000000)
  eden space 20992K, 100% used [0x00000000eab00000,0x00000000ebf80000,0x00000000ebf80000)
  from space 2048K, 84% used [0x00000000ec180000,0x00000000ec330000,0x00000000ec380000)
  to   space 2048K, 0% used [0x00000000ebf80000,0x00000000ebf80000,0x00000000ec180000)
 ParOldGen       total 68608K, used 23579K [0x00000000c0000000, 0x00000000c4300000, 0x00000000eab00000)
  object space 68608K, 34% used [0x00000000c0000000,0x00000000c1706ce8,0x00000000c4300000)
 Metaspace       used 54970K, committed 56000K, reserved 1114112K
  class space    used 5986K, committed 6464K, reserved 1048576K
}
Event: 166.730 GC heap after
{Heap after GC invocations=21 (full 2):
 PSYoungGen      total 23040K, used 1920K [0x00000000eab00000, 0x00000000ec380000, 0x0000000100000000)
  eden space 20992K, 0% used [0x00000000eab00000,0x00000000eab00000,0x00000000ebf80000)
  from space 2048K, 93% used [0x00000000ebf80000,0x00000000ec160040,0x00000000ec180000)
  to   space 2048K, 0% used [0x00000000ec180000,0x00000000ec180000,0x00000000ec380000)
 ParOldGen       total 68608K, used 25248K [0x00000000c0000000, 0x00000000c4300000, 0x00000000eab00000)
  object space 68608K, 36% used [0x00000000c0000000,0x00000000c18a8320,0x00000000c4300000)
 Metaspace       used 54970K, committed 56000K, reserved 1114112K
  class space    used 5986K, committed 6464K, reserved 1048576K
}
Event: 167.134 GC heap before
{Heap before GC invocations=22 (full 2):
 PSYoungGen      total 23040K, used 22912K [0x00000000eab00000, 0x00000000ec380000, 0x0000000100000000)
  eden space 20992K, 100% used [0x00000000eab00000,0x00000000ebf80000,0x00000000ebf80000)
  from space 2048K, 93% used [0x00000000ebf80000,0x00000000ec160040,0x00000000ec180000)
  to   space 2048K, 0% used [0x00000000ec180000,0x00000000ec180000,0x00000000ec380000)
 ParOldGen       total 68608K, used 25248K [0x00000000c0000000, 0x00000000c4300000, 0x00000000eab00000)
  object space 68608K, 36% used [0x00000000c0000000,0x00000000c18a8320,0x00000000c4300000)
 Metaspace       used 55151K, committed 56192K, reserved 1114112K
  class space    used 6004K, committed 6464K, reserved 1048576K
}
Event: 167.142 GC heap after
{Heap after GC invocations=22 (full 2):
 PSYoungGen      total 20480K, used 2016K [0x00000000eab00000, 0x00000000ec880000, 0x0000000100000000)
  eden space 18432K, 0% used [0x00000000eab00000,0x00000000eab00000,0x00000000ebd00000)
  from space 2048K, 98% used [0x00000000ec180000,0x00000000ec378010,0x00000000ec380000)
  to   space 4608K, 0% used [0x00000000ebd00000,0x00000000ebd00000,0x00000000ec180000)
 ParOldGen       total 68608K, used 27120K [0x00000000c0000000, 0x00000000c4300000, 0x00000000eab00000)
  object space 68608K, 39% used [0x00000000c0000000,0x00000000c1a7c360,0x00000000c4300000)
 Metaspace       used 55151K, committed 56192K, reserved 1114112K
  class space    used 6004K, committed 6464K, reserved 1048576K
}
Event: 167.631 GC heap before
{Heap before GC invocations=23 (full 2):
 PSYoungGen      total 20480K, used 20448K [0x00000000eab00000, 0x00000000ec880000, 0x0000000100000000)
  eden space 18432K, 100% used [0x00000000eab00000,0x00000000ebd00000,0x00000000ebd00000)
  from space 2048K, 98% used [0x00000000ec180000,0x00000000ec378010,0x00000000ec380000)
  to   space 4608K, 0% used [0x00000000ebd00000,0x00000000ebd00000,0x00000000ec180000)
 ParOldGen       total 68608K, used 27120K [0x00000000c0000000, 0x00000000c4300000, 0x00000000eab00000)
  object space 68608K, 39% used [0x00000000c0000000,0x00000000c1a7c360,0x00000000c4300000)
 Metaspace       used 55212K, committed 56256K, reserved 1114112K
  class space    used 6015K, committed 6464K, reserved 1048576K
}
Event: 167.639 GC heap after
{Heap after GC invocations=23 (full 2):
 PSYoungGen      total 20480K, used 1856K [0x00000000eab00000, 0x00000000ec300000, 0x0000000100000000)
  eden space 18432K, 0% used [0x00000000eab00000,0x00000000eab00000,0x00000000ebd00000)
  from space 2048K, 90% used [0x00000000ebd00000,0x00000000ebed0010,0x00000000ebf00000)
  to   space 3072K, 0% used [0x00000000ec000000,0x00000000ec000000,0x00000000ec300000)
 ParOldGen       total 68608K, used 29072K [0x00000000c0000000, 0x00000000c4300000, 0x00000000eab00000)
  object space 68608K, 42% used [0x00000000c0000000,0x00000000c1c64360,0x00000000c4300000)
 Metaspace       used 55212K, committed 56256K, reserved 1114112K
  class space    used 6015K, committed 6464K, reserved 1048576K
}
Event: 167.892 GC heap before
{Heap before GC invocations=24 (full 2):
 PSYoungGen      total 20480K, used 20288K [0x00000000eab00000, 0x00000000ec300000, 0x0000000100000000)
  eden space 18432K, 100% used [0x00000000eab00000,0x00000000ebd00000,0x00000000ebd00000)
  from space 2048K, 90% used [0x00000000ebd00000,0x00000000ebed0010,0x00000000ebf00000)
  to   space 3072K, 0% used [0x00000000ec000000,0x00000000ec000000,0x00000000ec300000)
 ParOldGen       total 68608K, used 29072K [0x00000000c0000000, 0x00000000c4300000, 0x00000000eab00000)
  object space 68608K, 42% used [0x00000000c0000000,0x00000000c1c64360,0x00000000c4300000)
 Metaspace       used 55213K, committed 56256K, reserved 1114112K
  class space    used 6015K, committed 6464K, reserved 1048576K
}
Event: 167.901 GC heap after
{Heap after GC invocations=24 (full 2):
 PSYoungGen      total 20480K, used 1984K [0x00000000eab00000, 0x00000000ec200000, 0x0000000100000000)
  eden space 18432K, 0% used [0x00000000eab00000,0x00000000eab00000,0x00000000ebd00000)
  from space 2048K, 96% used [0x00000000ec000000,0x00000000ec1f0000,0x00000000ec200000)
  to   space 2560K, 0% used [0x00000000ebd00000,0x00000000ebd00000,0x00000000ebf80000)
 ParOldGen       total 68608K, used 30876K [0x00000000c0000000, 0x00000000c4300000, 0x00000000eab00000)
  object space 68608K, 45% used [0x00000000c0000000,0x00000000c1e270a8,0x00000000c4300000)
 Metaspace       used 55213K, committed 56256K, reserved 1114112K
  class space    used 6015K, committed 6464K, reserved 1048576K
}
Event: 168.066 GC heap before
{Heap before GC invocations=25 (full 2):
 PSYoungGen      total 20480K, used 20416K [0x00000000eab00000, 0x00000000ec200000, 0x0000000100000000)
  eden space 18432K, 100% used [0x00000000eab00000,0x00000000ebd00000,0x00000000ebd00000)
  from space 2048K, 96% used [0x00000000ec000000,0x00000000ec1f0000,0x00000000ec200000)
  to   space 2560K, 0% used [0x00000000ebd00000,0x00000000ebd00000,0x00000000ebf80000)
 ParOldGen       total 68608K, used 30876K [0x00000000c0000000, 0x00000000c4300000, 0x00000000eab00000)
  object space 68608K, 45% used [0x00000000c0000000,0x00000000c1e270a8,0x00000000c4300000)
 Metaspace       used 55213K, committed 56256K, reserved 1114112K
  class space    used 6015K, committed 6464K, reserved 1048576K
}
Event: 168.074 GC heap after
{Heap after GC invocations=25 (full 2):
 PSYoungGen      total 20992K, used 2304K [0x00000000eab00000, 0x00000000ec200000, 0x0000000100000000)
  eden space 18432K, 0% used [0x00000000eab00000,0x00000000eab00000,0x00000000ebd00000)
  from space 2560K, 90% used [0x00000000ebd00000,0x00000000ebf40010,0x00000000ebf80000)
  to   space 2560K, 0% used [0x00000000ebf80000,0x00000000ebf80000,0x00000000ec200000)
 ParOldGen       total 68608K, used 32844K [0x00000000c0000000, 0x00000000c4300000, 0x00000000eab00000)
  object space 68608K, 47% used [0x00000000c0000000,0x00000000c20130a8,0x00000000c4300000)
 Metaspace       used 55213K, committed 56256K, reserved 1114112K
  class space    used 6015K, committed 6464K, reserved 1048576K
}
Event: 168.498 GC heap before
{Heap before GC invocations=26 (full 2):
 PSYoungGen      total 20992K, used 20736K [0x00000000eab00000, 0x00000000ec200000, 0x0000000100000000)
  eden space 18432K, 100% used [0x00000000eab00000,0x00000000ebd00000,0x00000000ebd00000)
  from space 2560K, 90% used [0x00000000ebd00000,0x00000000ebf40010,0x00000000ebf80000)
  to   space 2560K, 0% used [0x00000000ebf80000,0x00000000ebf80000,0x00000000ec200000)
 ParOldGen       total 68608K, used 32844K [0x00000000c0000000, 0x00000000c4300000, 0x00000000eab00000)
  object space 68608K, 47% used [0x00000000c0000000,0x00000000c20130a8,0x00000000c4300000)
 Metaspace       used 55312K, committed 56320K, reserved 1114112K
  class space    used 6021K, committed 6464K, reserved 1048576K
}
Event: 168.508 GC heap after
{Heap after GC invocations=26 (full 2):
 PSYoungGen      total 17920K, used 2560K [0x00000000eab00000, 0x00000000ec800000, 0x0000000100000000)
  eden space 15360K, 0% used [0x00000000eab00000,0x00000000eab00000,0x00000000eba00000)
  from space 2560K, 100% used [0x00000000ebf80000,0x00000000ec200000,0x00000000ec200000)
  to   space 5632K, 0% used [0x00000000eba00000,0x00000000eba00000,0x00000000ebf80000)
 ParOldGen       total 68608K, used 35132K [0x00000000c0000000, 0x00000000c4300000, 0x00000000eab00000)
  object space 68608K, 51% used [0x00000000c0000000,0x00000000c224f0b8,0x00000000c4300000)
 Metaspace       used 55312K, committed 56320K, reserved 1114112K
  class space    used 6021K, committed 6464K, reserved 1048576K
}
Event: 171.534 GC heap before
{Heap before GC invocations=27 (full 2):
 PSYoungGen      total 17920K, used 17920K [0x00000000eab00000, 0x00000000ec800000, 0x0000000100000000)
  eden space 15360K, 100% used [0x00000000eab00000,0x00000000eba00000,0x00000000eba00000)
  from space 2560K, 100% used [0x00000000ebf80000,0x00000000ec200000,0x00000000ec200000)
  to   space 5632K, 0% used [0x00000000eba00000,0x00000000eba00000,0x00000000ebf80000)
 ParOldGen       total 68608K, used 35132K [0x00000000c0000000, 0x00000000c4300000, 0x00000000eab00000)
  object space 68608K, 51% used [0x00000000c0000000,0x00000000c224f0b8,0x00000000c4300000)
 Metaspace       used 56642K, committed 57664K, reserved 1114112K
  class space    used 6146K, committed 6592K, reserved 1048576K
}
Event: 171.544 GC heap after
{Heap after GC invocations=27 (full 2):
 PSYoungGen      total 17408K, used 1744K [0x00000000eab00000, 0x00000000ec000000, 0x0000000100000000)
  eden space 15360K, 0% used [0x00000000eab00000,0x00000000eab00000,0x00000000eba00000)
  from space 2048K, 85% used [0x00000000eba00000,0x00000000ebbb4010,0x00000000ebc00000)
  to   space 3072K, 0% used [0x00000000ebd00000,0x00000000ebd00000,0x00000000ec000000)
 ParOldGen       total 68608K, used 37695K [0x00000000c0000000, 0x00000000c4300000, 0x00000000eab00000)
  object space 68608K, 54% used [0x00000000c0000000,0x00000000c24cfc90,0x00000000c4300000)
 Metaspace       used 56642K, committed 57664K, reserved 1114112K
  class space    used 6146K, committed 6592K, reserved 1048576K
}
Event: 174.798 GC heap before
{Heap before GC invocations=28 (full 2):
 PSYoungGen      total 17408K, used 17104K [0x00000000eab00000, 0x00000000ec000000, 0x0000000100000000)
  eden space 15360K, 100% used [0x00000000eab00000,0x00000000eba00000,0x00000000eba00000)
  from space 2048K, 85% used [0x00000000eba00000,0x00000000ebbb4010,0x00000000ebc00000)
  to   space 3072K, 0% used [0x00000000ebd00000,0x00000000ebd00000,0x00000000ec000000)
 ParOldGen       total 68608K, used 37695K [0x00000000c0000000, 0x00000000c4300000, 0x00000000eab00000)
  object space 68608K, 54% used [0x00000000c0000000,0x00000000c24cfc90,0x00000000c4300000)
 Metaspace       used 56831K, committed 57792K, reserved 1114112K
  class space    used 6148K, committed 6592K, reserved 1048576K
}
Event: 174.807 GC heap after
{Heap after GC invocations=28 (full 2):
 PSYoungGen      total 17408K, used 1632K [0x00000000eab00000, 0x00000000ebf00000, 0x0000000100000000)
  eden space 15360K, 0% used [0x00000000eab00000,0x00000000eab00000,0x00000000eba00000)
  from space 2048K, 79% used [0x00000000ebd00000,0x00000000ebe98000,0x00000000ebf00000)
  to   space 2048K, 0% used [0x00000000eba00000,0x00000000eba00000,0x00000000ebc00000)
 ParOldGen       total 68608K, used 39310K [0x00000000c0000000, 0x00000000c4300000, 0x00000000eab00000)
  object space 68608K, 57% used [0x00000000c0000000,0x00000000c2663820,0x00000000c4300000)
 Metaspace       used 56831K, committed 57792K, reserved 1114112K
  class space    used 6148K, committed 6592K, reserved 1048576K
}
Event: 175.734 GC heap before
{Heap before GC invocations=29 (full 2):
 PSYoungGen      total 17408K, used 16992K [0x00000000eab00000, 0x00000000ebf00000, 0x0000000100000000)
  eden space 15360K, 100% used [0x00000000eab00000,0x00000000eba00000,0x00000000eba00000)
  from space 2048K, 79% used [0x00000000ebd00000,0x00000000ebe98000,0x00000000ebf00000)
  to   space 2048K, 0% used [0x00000000eba00000,0x00000000eba00000,0x00000000ebc00000)
 ParOldGen       total 68608K, used 39310K [0x00000000c0000000, 0x00000000c4300000, 0x00000000eab00000)
  object space 68608K, 57% used [0x00000000c0000000,0x00000000c2663820,0x00000000c4300000)
 Metaspace       used 56985K, committed 57984K, reserved 1114112K
  class space    used 6149K, committed 6592K, reserved 1048576K
}
Event: 175.740 GC heap after
{Heap after GC invocations=29 (full 2):
 PSYoungGen      total 17408K, used 1312K [0x00000000eab00000, 0x00000000ebd80000, 0x0000000100000000)
  eden space 15360K, 0% used [0x00000000eab00000,0x00000000eab00000,0x00000000eba00000)
  from space 2048K, 64% used [0x00000000eba00000,0x00000000ebb48000,0x00000000ebc00000)
  to   space 1536K, 0% used [0x00000000ebc00000,0x00000000ebc00000,0x00000000ebd80000)
 ParOldGen       total 68608K, used 40841K [0x00000000c0000000, 0x00000000c4300000, 0x00000000eab00000)
  object space 68608K, 59% used [0x00000000c0000000,0x00000000c27e25e0,0x00000000c4300000)
 Metaspace       used 56985K, committed 57984K, reserved 1114112K
  class space    used 6149K, committed 6592K, reserved 1048576K
}
Event: 181.039 GC heap before
{Heap before GC invocations=30 (full 2):
 PSYoungGen      total 17408K, used 16672K [0x00000000eab00000, 0x00000000ebd80000, 0x0000000100000000)
  eden space 15360K, 100% used [0x00000000eab00000,0x00000000eba00000,0x00000000eba00000)
  from space 2048K, 64% used [0x00000000eba00000,0x00000000ebb48000,0x00000000ebc00000)
  to   space 1536K, 0% used [0x00000000ebc00000,0x00000000ebc00000,0x00000000ebd80000)
 ParOldGen       total 68608K, used 40841K [0x00000000c0000000, 0x00000000c4300000, 0x00000000eab00000)
  object space 68608K, 59% used [0x00000000c0000000,0x00000000c27e25e0,0x00000000c4300000)
 Metaspace       used 57620K, committed 58688K, reserved 1114112K
  class space    used 6230K, committed 6720K, reserved 1048576K
}
Event: 181.047 GC heap after
{Heap after GC invocations=30 (full 2):
 PSYoungGen      total 16896K, used 1341K [0x00000000eab00000, 0x00000000ebd80000, 0x0000000100000000)
  eden space 15360K, 0% used [0x00000000eab00000,0x00000000eab00000,0x00000000eba00000)
  from space 1536K, 87% used [0x00000000ebc00000,0x00000000ebd4f540,0x00000000ebd80000)
  to   space 1536K, 0% used [0x00000000eba80000,0x00000000eba80000,0x00000000ebc00000)
 ParOldGen       total 68608K, used 41801K [0x00000000c0000000, 0x00000000c4300000, 0x00000000eab00000)
  object space 68608K, 60% used [0x00000000c0000000,0x00000000c28d25e0,0x00000000c4300000)
 Metaspace       used 57620K, committed 58688K, reserved 1114112K
  class space    used 6230K, committed 6720K, reserved 1048576K
}

